<?xml version="1.0" encoding="UTF-8"?>
<!-- Generated by org.testng.reporters.JUnitXMLReporter -->
<testsuite ignored="0" hostname="REDDY" failures="1" tests="9" name="Test" time="19.308" errors="0" timestamp="2023-09-27T10:08:22 IST">
  <testcase classname="Extent_Reports.Adactin" name="verifyOpenApplication" time="0.102"/>
  <testcase classname="Extent_Reports.Adactin" name="loginApplication" time="0.863"/>
  <testcase classname="Extent_Reports.Adactin" name="verifyLogin" time="0.041"/>
  <testcase classname="Extent_Reports.Adactin" name="searchHotel" time="7.405"/>
  <testcase classname="Extent_Reports.Adactin" name="verifySearchHotel" time="0.037"/>
  <testcase classname="Extent_Reports.Adactin" name="selectHotel" time="1.111"/>
  <testcase classname="Extent_Reports.Adactin" name="BookAHotel" time="0.797"/>
  <testcase classname="Extent_Reports.Adactin" name="verifyBookAHotel" time="0.032">
    <failure type="java.lang.AssertionError" message="expected [true] but found [false]">
      <![CDATA[java.lang.AssertionError: expected [true] but found [false]
at Extent_Reports.Adactin.verifyBookAHotel(Adactin.java:104)
at java.base/java.util.ArrayList.forEach(ArrayList.java:1511)
... Removed 31 stack frames]]>
    </failure>
  </testcase> <!-- verifyBookAHotel -->
  <testcase classname="Extent_Reports.Adactin" name="bookingConformation" time="0.0">
    <skipped/>
  </testcase> <!-- bookingConformation -->
</testsuite> <!-- Test -->
