<?xml version="1.0" encoding="UTF-8"?>
<!-- Generated by org.testng.reporters.JUnitReportReporter -->
<testsuite hostname="REDDY" failures="1" tests="9" name="Extent_Reports.Adactin" time="10.388" errors="0" timestamp="2023-09-27T10:08:22 IST" skipped="1">
  <testcase classname="Extent_Reports.Adactin" name="verifyOpenApplication" time="0.102">
    <system-out>
      <![CDATA[VERIFIED APPLICATION]]>
    </system-out>
  </testcase> <!-- verifyOpenApplication -->
  <testcase classname="Extent_Reports.Adactin" name="loginApplication" time="0.863">
    <system-out>
      <![CDATA[LOGIN COMPLETED]]>
    </system-out>
  </testcase> <!-- loginApplication -->
  <testcase classname="Extent_Reports.Adactin" name="verifyLogin" time="0.041">
    <system-out>
      <![CDATA[VERIFIED LOGIN COMPLETED]]>
    </system-out>
  </testcase> <!-- verifyLogin -->
  <testcase classname="Extent_Reports.Adactin" name="searchHotel" time="7.405">
    <system-out>
      <![CDATA[SEARCH HOTEL COMPLETED]]>
    </system-out>
  </testcase> <!-- searchHotel -->
  <testcase classname="Extent_Reports.Adactin" name="verifySearchHotel" time="0.037">
    <system-out>
      <![CDATA[VERIFIED SEARCH HOTEL]]>
    </system-out>
  </testcase> <!-- verifySearchHotel -->
  <testcase classname="Extent_Reports.Adactin" name="selectHotel" time="1.111">
    <system-out>
      <![CDATA[SELECT HOTEL COMPLETED]]>
    </system-out>
  </testcase> <!-- selectHotel -->
  <testcase classname="Extent_Reports.Adactin" name="BookAHotel" time="0.797">
    <system-out>
      <![CDATA[Book A Hotel Completed]]>
    </system-out>
  </testcase> <!-- BookAHotel -->
  <testcase classname="Extent_Reports.Adactin" name="verifyBookAHotel" time="0.032">
    <failure message="expected [true] but found [false]" type="java.lang.AssertionError">
      <![CDATA[java.lang.AssertionError: expected [true] but found [false]
at org.testng.Assert.fail(Assert.java:111)
at org.testng.Assert.failNotEquals(Assert.java:1578)
at org.testng.Assert.assertTrue(Assert.java:57)
at org.testng.Assert.assertTrue(Assert.java:67)
at Extent_Reports.Adactin.verifyBookAHotel(Adactin.java:104)
at java.base/jdk.internal.reflect.NativeMethodAccessorImpl.invoke0(Native Method)
at java.base/jdk.internal.reflect.NativeMethodAccessorImpl.invoke(NativeMethodAccessorImpl.java:77)
at java.base/jdk.internal.reflect.DelegatingMethodAccessorImpl.invoke(DelegatingMethodAccessorImpl.java:43)
at java.base/java.lang.reflect.Method.invoke(Method.java:568)
at org.testng.internal.invokers.MethodInvocationHelper.invokeMethod(MethodInvocationHelper.java:139)
at org.testng.internal.invokers.TestInvoker.invokeMethod(TestInvoker.java:664)
at org.testng.internal.invokers.TestInvoker.invokeTestMethod(TestInvoker.java:227)
at org.testng.internal.invokers.MethodRunner.runInSequence(MethodRunner.java:50)
at org.testng.internal.invokers.TestInvoker$MethodInvocationAgent.invoke(TestInvoker.java:957)
at org.testng.internal.invokers.TestInvoker.invokeTestMethods(TestInvoker.java:200)
at org.testng.internal.invokers.TestMethodWorker.invokeTestMethods(TestMethodWorker.java:148)
at org.testng.internal.invokers.TestMethodWorker.run(TestMethodWorker.java:128)
at java.base/java.util.ArrayList.forEach(ArrayList.java:1511)
at org.testng.TestRunner.privateRun(TestRunner.java:848)
at org.testng.TestRunner.run(TestRunner.java:621)
at org.testng.SuiteRunner.runTest(SuiteRunner.java:443)
at org.testng.SuiteRunner.runSequentially(SuiteRunner.java:437)
at org.testng.SuiteRunner.privateRun(SuiteRunner.java:397)
at org.testng.SuiteRunner.run(SuiteRunner.java:336)
at org.testng.SuiteRunnerWorker.runSuite(SuiteRunnerWorker.java:52)
at org.testng.SuiteRunnerWorker.run(SuiteRunnerWorker.java:95)
at org.testng.TestNG.runSuitesSequentially(TestNG.java:1280)
at org.testng.TestNG.runSuitesLocally(TestNG.java:1200)
at org.testng.TestNG.runSuites(TestNG.java:1114)
at org.testng.TestNG.run(TestNG.java:1082)
at org.testng.remote.AbstractRemoteTestNG.run(AbstractRemoteTestNG.java:115)
at org.testng.remote.RemoteTestNG.initAndRun(RemoteTestNG.java:251)
at org.testng.remote.RemoteTestNG.main(RemoteTestNG.java:77)
]]>
    </failure>
  </testcase> <!-- verifyBookAHotel -->
  <testcase classname="Extent_Reports.Adactin" name="bookingConformation" time="0.000">
    <skipped/>
  </testcase> <!-- bookingConformation -->
  <system-out>
    <![CDATA[APPLICATION OPENED
VERIFIED APPLICATION
LOGIN COMPLETED
VERIFIED LOGIN COMPLETED
SEARCH HOTEL COMPLETED
VERIFIED SEARCH HOTEL
SELECT HOTEL COMPLETED
Book A Hotel Completed]]>
  </system-out>
</testsuite> <!-- Extent_Reports.Adactin -->
